0 info it worked if it ends with ok
1 verbose cli [ 'C:\\Program Files\\nodejs\\node.exe',
1 verbose cli   'C:\\Program Files\\nodejs\\node_modules\\npm\\bin\\npm-cli.js',
1 verbose cli   'start' ]
2 info using npm@3.10.10
3 info using node@v6.9.5
4 verbose run-script [ 'prestart', 'start', 'poststart' ]
5 info lifecycle wit-example@1.0.0~prestart: wit-example@1.0.0
6 silly lifecycle wit-example@1.0.0~prestart: no script for prestart, continuing
7 info lifecycle wit-example@1.0.0~start: wit-example@1.0.0
8 verbose lifecycle wit-example@1.0.0~start: unsafe-perm in lifecycle true
9 verbose lifecycle wit-example@1.0.0~start: PATH: C:\Program Files\nodejs\node_modules\npm\bin\node-gyp-bin;H:\wit\wit-example\node_modules\.bin;C:\ProgramData\Oracle\Java\javapath;C:\WINDOWS\system32;C:\WINDOWS;C:\WINDOWS\System32\Wbem;C:\WINDOWS\System32\WindowsPowerShell\v1.0\;C:\Program Files (x86)\Common Files\lenovo\easyplussdk\bin;C:\Program Files (x86)\ATI Technologies\ATI.ACE\Core-Static;C:\Program Files\Intel\WiFi\bin\;C:\Program Files\Common Files\Intel\WirelessCommon\;C:\Users\rohan\.dnx\bin;C:\Program Files\Microsoft DNX\Dnvm\;C:\Program Files\Microsoft SQL Server\130\Tools\Binn\;C:\Program Files\nodejs\;C:\Program Files (x86)\Nodist\bin;C:\Program Files (x86)\Yarn\bin;C:\Program Files\Git\cmd;C:\Users\rohan\Anaconda3;C:\Users\rohan\Anaconda3\Scripts;C:\Users\rohan\Anaconda3\Library\bin;C:\Users\rohan\AppData\Local\Programs\Python\Python35-32\Scripts\;C:\Users\rohan\AppData\Local\Programs\Python\Python35-32\;C:\Program Files\MongoDB\Server\3.2\bin\mongo;C:\Users\rohan\AppData\Local\Microsoft\WindowsApps;C:\Program Files\Java\jdk1.8.0_101\bin;C:\cygwin64\bin;C:\Users\rohan\AppData\Roaming\npm;C:\Program Files (x86)\Microsoft VS Code\bin;C:\Program Files (x86)\Nodist\bin;C:\Program Files\MongoDB\Server\3.2\bin;C:\Users\rohan\AppData\Local\atom\bin;C:\Users\rohan\AppData\Local\Yarn\.bin;C:\Program Files\Heroku\bin
10 verbose lifecycle wit-example@1.0.0~start: CWD: H:\wit\wit-example
11 silly lifecycle wit-example@1.0.0~start: Args: [ '/d /s /c', 'node app.js' ]
12 silly lifecycle wit-example@1.0.0~start: Returned: code: 1  signal: null
13 info lifecycle wit-example@1.0.0~start: Failed to exec start script
14 verbose stack Error: wit-example@1.0.0 start: `node app.js`
14 verbose stack Exit status 1
14 verbose stack     at EventEmitter.<anonymous> (C:\Program Files\nodejs\node_modules\npm\lib\utils\lifecycle.js:255:16)
14 verbose stack     at emitTwo (events.js:106:13)
14 verbose stack     at EventEmitter.emit (events.js:191:7)
14 verbose stack     at ChildProcess.<anonymous> (C:\Program Files\nodejs\node_modules\npm\lib\utils\spawn.js:40:14)
14 verbose stack     at emitTwo (events.js:106:13)
14 verbose stack     at ChildProcess.emit (events.js:191:7)
14 verbose stack     at maybeClose (internal/child_process.js:877:16)
14 verbose stack     at Process.ChildProcess._handle.onexit (internal/child_process.js:226:5)
15 verbose pkgid wit-example@1.0.0
16 verbose cwd H:\wit\wit-example
17 error Windows_NT 10.0.14393
18 error argv "C:\\Program Files\\nodejs\\node.exe" "C:\\Program Files\\nodejs\\node_modules\\npm\\bin\\npm-cli.js" "start"
19 error node v6.9.5
20 error npm  v3.10.10
21 error code ELIFECYCLE
22 error wit-example@1.0.0 start: `node app.js`
22 error Exit status 1
23 error Failed at the wit-example@1.0.0 start script 'node app.js'.
23 error Make sure you have the latest version of node.js and npm installed.
23 error If you do, this is most likely a problem with the wit-example package,
23 error not with npm itself.
23 error Tell the author that this fails on your system:
23 error     node app.js
23 error You can get information on how to open an issue for this project with:
23 error     npm bugs wit-example
23 error Or if that isn't available, you can get their info via:
23 error     npm owner ls wit-example
23 error There is likely additional logging output above.
24 verbose exit [ 1, true ]
